<?xml version="1.0" encoding="UTF-8"?>
<!-- Generated by org.testng.reporters.JUnitXMLReporter -->
<testsuite ignored="4" hostname="DESKTOP-VEMCPH6" failures="2" tests="5" name="Surefire test" time="62.272" errors="0" timestamp="2024-08-14T00:55:35 IST">
  <testcase classname="org.selenium.NavigationTest" name="NavigateFromHomeToStoreMenu" time="9.427"/>
  <testcase classname="org.selenium.SearchTest" name="SearchTestwithPartialMatch" time="11.459">
    <failure type="java.lang.AssertionError" message="expected [Search results: �Blue�] but found [Search results: “Blue”]">
      <![CDATA[java.lang.AssertionError: expected [Search results: �Blue�] but found [Search results: “Blue”]
at org.selenium.SearchTest.SearchTestwithPartialMatch(SearchTest.java:18)
at java.base/java.util.concurrent.ThreadPoolExecutor.runWorker(ThreadPoolExecutor.java:1144)
at java.base/java.util.concurrent.ThreadPoolExecutor$Worker.run(ThreadPoolExecutor.java:642)
at java.base/java.lang.Thread.run(Thread.java:1623)
... Removed 16 stack frames]]>
    </failure>
  </testcase> <!-- SearchTestwithPartialMatch -->
  <testcase classname="org.selenium.AddToCartTest" name="NavigateFromHomeToStoreMenu" time="18.882">
    <failure type="org.openqa.selenium.TimeoutException" message="Expected condition failed: waiting for element to be clickable: By.cssSelector: a[aria-label=&amp;apos;Add �Blue Shoes� to your cart&amp;apos;] (tried for 15 second(s) with 500 milliseconds interval)
Build info: version: &amp;apos;4.8.3&amp;apos;, revision: &amp;apos;e5e76298c3&amp;apos;
System info: os.name: &amp;apos;Windows 11&amp;apos;, os.arch: &amp;apos;amd64&amp;apos;, os.version: &amp;apos;10.0&amp;apos;, java.version: &amp;apos;20.0.1&amp;apos;
Driver info: org.openqa.selenium.chrome.ChromeDriver
Capabilities {acceptInsecureCerts: false, browserName: chrome, browserVersion: 127.0.6533.100, chrome: {chromedriverVersion: 126.0.6478.126 (d36ace6122e..., userDataDir: C:\Users\Priyanka\AppData\L...}, fedcm:accounts: true, goog:chromeOptions: {debuggerAddress: localhost:54248}, networkConnectionEnabled: false, pageLoadStrategy: normal, platformName: WINDOWS, proxy: Proxy(), se:cdp: ws://localhost:54248/devtoo..., se:cdpVersion: 127.0.6533.100, setWindowRect: true, strictFileInteractability: false, timeouts: {implicit: 0, pageLoad: 300000, script: 30000}, unhandledPromptBehavior: dismiss and notify, webauthn:extension:credBlob: true, webauthn:extension:largeBlob: true, webauthn:extension:minPinLength: true, webauthn:extension:prf: true, webauthn:virtualAuthenticators: true}
Session ID: 0fe589e6dde911256104de388c956ee0">
      <![CDATA[org.openqa.selenium.TimeoutException: Expected condition failed: waiting for element to be clickable: By.cssSelector: a[aria-label='Add �Blue Shoes� to your cart'] (tried for 15 second(s) with 500 milliseconds interval)
Build info: version: '4.8.3', revision: 'e5e76298c3'
System info: os.name: 'Windows 11', os.arch: 'amd64', os.version: '10.0', java.version: '20.0.1'
Driver info: org.openqa.selenium.chrome.ChromeDriver
Capabilities {acceptInsecureCerts: false, browserName: chrome, browserVersion: 127.0.6533.100, chrome: {chromedriverVersion: 126.0.6478.126 (d36ace6122e..., userDataDir: C:\Users\Priyanka\AppData\L...}, fedcm:accounts: true, goog:chromeOptions: {debuggerAddress: localhost:54248}, networkConnectionEnabled: false, pageLoadStrategy: normal, platformName: WINDOWS, proxy: Proxy(), se:cdp: ws://localhost:54248/devtoo..., se:cdpVersion: 127.0.6533.100, setWindowRect: true, strictFileInteractability: false, timeouts: {implicit: 0, pageLoad: 300000, script: 30000}, unhandledPromptBehavior: dismiss and notify, webauthn:extension:credBlob: true, webauthn:extension:largeBlob: true, webauthn:extension:minPinLength: true, webauthn:extension:prf: true, webauthn:virtualAuthenticators: true}
Session ID: 0fe589e6dde911256104de388c956ee0
at org.openqa.selenium.support.ui.WebDriverWait.timeoutException(WebDriverWait.java:87)
at org.openqa.selenium.support.ui.FluentWait.until(FluentWait.java:231)
at org.selenium.pages.StorePage.clickAddToCartBtn(StorePage.java:50)
at org.selenium.AddToCartTest.NavigateFromHomeToStoreMenu(AddToCartTest.java:25)
at java.base/java.util.concurrent.ThreadPoolExecutor.runWorker(ThreadPoolExecutor.java:1144)
at java.base/java.util.concurrent.ThreadPoolExecutor$Worker.run(ThreadPoolExecutor.java:642)
at java.base/java.lang.Thread.run(Thread.java:1623)
... Removed 10 stack frames]]>
    </failure>
  </testcase> <!-- NavigateFromHomeToStoreMenu -->
  <testcase classname="org.selenium.LoginTest" name="loginDuringCheckOut" time="38.223"/>
  <testcase classname="org.selenium.CheckOutTest" name="loginAndCheckOutUsingDirectBankTransfer_temporary" time="53.822"/>
  <testcase classname="org.selenium.CheckOutTest" name="loginAndCheckOutUsingDirectBankTransfer" time="0.0">
    <ignored/>
  </testcase> <!-- loginAndCheckOutUsingDirectBankTransfer -->
  <testcase classname="org.selenium.CheckOutTest" name="GuestCheckoutUsingDirectBankTransfer" time="0.0">
    <ignored/>
  </testcase> <!-- GuestCheckoutUsingDirectBankTransfer -->
  <testcase classname="org.selenium.MyFirstTestCase" name="loginAndCheckOutUsingDirectBankTransfer" time="0.0">
    <ignored/>
  </testcase> <!-- loginAndCheckOutUsingDirectBankTransfer -->
  <testcase classname="org.selenium.MyFirstTestCase" name="guestCheckOutUsingDirectBankTransfer" time="0.0">
    <ignored/>
  </testcase> <!-- guestCheckOutUsingDirectBankTransfer -->
</testsuite> <!-- Surefire test -->
