<?xml version="1.0" encoding="UTF-8"?>
<testng-results ignored="4" total="9" passed="3" failed="2" skipped="0">
  <reporter-output>
  </reporter-output>
  <suite started-at="2024-08-14T00:54:33 IST" name="Surefire suite" finished-at="2024-08-14T00:55:35 IST" duration-ms="62272">
    <groups>
    </groups>
    <test started-at="2024-08-14T00:54:33 IST" name="Surefire test" finished-at="2024-08-14T00:55:35 IST" duration-ms="62272">
      <class name="org.selenium.SearchTest">
        <test-method is-config="true" signature="startDriver(java.lang.String)[pri:0, instance:org.selenium.SearchTest@6a400542]" started-at="2024-08-14T00:54:33 IST" name="startDriver" finished-at="2024-08-14T00:54:40 IST" duration-ms="7143" status="PASS">
          <params>
            <param index="0">
              <value>
                <![CDATA[chrome]]>
              </value>
            </param>
          </params>
          <reporter-output>
          </reporter-output>
        </test-method> <!-- startDriver -->
        <test-method signature="SearchTestwithPartialMatch()[pri:0, instance:org.selenium.SearchTest@6a400542]" started-at="2024-08-14T00:54:40 IST" name="SearchTestwithPartialMatch" finished-at="2024-08-14T00:54:52 IST" duration-ms="11459" status="FAIL">
          <exception class="java.lang.AssertionError">
            <message>
              <![CDATA[expected [Search results: �Blue�] but found [Search results: “Blue”]]]>
            </message>
            <full-stacktrace>
              <![CDATA[java.lang.AssertionError: expected [Search results: �Blue�] but found [Search results: “Blue”]
at org.testng.Assert.fail(Assert.java:110)
at org.testng.Assert.failNotEquals(Assert.java:1577)
at org.testng.Assert.assertEqualsImpl(Assert.java:149)
at org.testng.Assert.assertEquals(Assert.java:131)
at org.testng.Assert.assertEquals(Assert.java:655)
at org.testng.Assert.assertEquals(Assert.java:665)
at org.selenium.SearchTest.SearchTestwithPartialMatch(SearchTest.java:18)
at java.base/jdk.internal.reflect.DirectMethodHandleAccessor.invoke(DirectMethodHandleAccessor.java:104)
at java.base/java.lang.reflect.Method.invoke(Method.java:578)
at org.testng.internal.invokers.MethodInvocationHelper.invokeMethod(MethodInvocationHelper.java:139)
at org.testng.internal.invokers.TestInvoker.invokeMethod(TestInvoker.java:677)
at org.testng.internal.invokers.TestInvoker.invokeTestMethod(TestInvoker.java:221)
at org.testng.internal.invokers.MethodRunner.runInSequence(MethodRunner.java:50)
at org.testng.internal.invokers.TestInvoker$MethodInvocationAgent.invoke(TestInvoker.java:969)
at org.testng.internal.invokers.TestInvoker.invokeTestMethods(TestInvoker.java:194)
at org.testng.internal.invokers.TestMethodWorker.invokeTestMethods(TestMethodWorker.java:148)
at org.testng.internal.invokers.TestMethodWorker.run(TestMethodWorker.java:128)
at java.base/java.util.concurrent.ThreadPoolExecutor.runWorker(ThreadPoolExecutor.java:1144)
at java.base/java.util.concurrent.ThreadPoolExecutor$Worker.run(ThreadPoolExecutor.java:642)
at java.base/java.lang.Thread.run(Thread.java:1623)
]]>
            </full-stacktrace>
          </exception> <!-- java.lang.AssertionError -->
          <reporter-output>
          </reporter-output>
        </test-method> <!-- SearchTestwithPartialMatch -->
        <test-method is-config="true" signature="quitDriver()[pri:0, instance:org.selenium.SearchTest@6a400542]" started-at="2024-08-14T00:54:52 IST" name="quitDriver" finished-at="2024-08-14T00:54:55 IST" duration-ms="3573" status="PASS">
          <reporter-output>
          </reporter-output>
        </test-method> <!-- quitDriver -->
      </class> <!-- org.selenium.SearchTest -->
      <class name="org.selenium.NavigationTest">
        <test-method is-config="true" signature="startDriver(java.lang.String)[pri:0, instance:org.selenium.NavigationTest@654f0d9c]" started-at="2024-08-14T00:54:33 IST" name="startDriver" finished-at="2024-08-14T00:54:40 IST" duration-ms="7202" status="PASS">
          <params>
            <param index="0">
              <value>
                <![CDATA[chrome]]>
              </value>
            </param>
          </params>
          <reporter-output>
          </reporter-output>
        </test-method> <!-- startDriver -->
        <test-method signature="NavigateFromHomeToStoreMenu()[pri:0, instance:org.selenium.NavigationTest@654f0d9c]" started-at="2024-08-14T00:54:40 IST" name="NavigateFromHomeToStoreMenu" finished-at="2024-08-14T00:54:50 IST" duration-ms="9427" status="PASS">
          <reporter-output>
          </reporter-output>
        </test-method> <!-- NavigateFromHomeToStoreMenu -->
        <test-method is-config="true" signature="quitDriver()[pri:0, instance:org.selenium.NavigationTest@654f0d9c]" started-at="2024-08-14T00:54:50 IST" name="quitDriver" finished-at="2024-08-14T00:54:55 IST" duration-ms="5616" status="PASS">
          <reporter-output>
          </reporter-output>
        </test-method> <!-- quitDriver -->
      </class> <!-- org.selenium.NavigationTest -->
      <class name="org.selenium.LoginTest">
        <test-method is-config="true" signature="startDriver(java.lang.String)[pri:0, instance:org.selenium.LoginTest@64cd705f]" started-at="2024-08-14T00:54:33 IST" name="startDriver" finished-at="2024-08-14T00:54:40 IST" duration-ms="7206" status="PASS">
          <params>
            <param index="0">
              <value>
                <![CDATA[chrome]]>
              </value>
            </param>
          </params>
          <reporter-output>
          </reporter-output>
        </test-method> <!-- startDriver -->
        <test-method signature="loginDuringCheckOut()[pri:0, instance:org.selenium.LoginTest@64cd705f]" started-at="2024-08-14T00:54:40 IST" name="loginDuringCheckOut" finished-at="2024-08-14T00:55:18 IST" duration-ms="38223" status="PASS">
          <reporter-output>
          </reporter-output>
        </test-method> <!-- loginDuringCheckOut -->
        <test-method is-config="true" signature="quitDriver()[pri:0, instance:org.selenium.LoginTest@64cd705f]" started-at="2024-08-14T00:55:18 IST" name="quitDriver" finished-at="2024-08-14T00:55:20 IST" duration-ms="1456" status="PASS">
          <reporter-output>
          </reporter-output>
        </test-method> <!-- quitDriver -->
      </class> <!-- org.selenium.LoginTest -->
      <class name="org.selenium.AddToCartTest">
        <test-method is-config="true" signature="startDriver(java.lang.String)[pri:0, instance:org.selenium.AddToCartTest@3eb7fc54]" started-at="2024-08-14T00:54:33 IST" name="startDriver" finished-at="2024-08-14T00:54:39 IST" duration-ms="6504" status="PASS">
          <params>
            <param index="0">
              <value>
                <![CDATA[chrome]]>
              </value>
            </param>
          </params>
          <reporter-output>
          </reporter-output>
        </test-method> <!-- startDriver -->
        <test-method signature="NavigateFromHomeToStoreMenu()[pri:0, instance:org.selenium.AddToCartTest@3eb7fc54]" started-at="2024-08-14T00:54:39 IST" name="NavigateFromHomeToStoreMenu" finished-at="2024-08-14T00:54:58 IST" duration-ms="18882" status="FAIL">
          <exception class="org.openqa.selenium.TimeoutException">
            <message>
              <![CDATA[Expected condition failed: waiting for element to be clickable: By.cssSelector: a[aria-label='Add �Blue Shoes� to your cart'] (tried for 15 second(s) with 500 milliseconds interval)
Build info: version: '4.8.3', revision: 'e5e76298c3'
System info: os.name: 'Windows 11', os.arch: 'amd64', os.version: '10.0', java.version: '20.0.1'
Driver info: org.openqa.selenium.chrome.ChromeDriver
Capabilities {acceptInsecureCerts: false, browserName: chrome, browserVersion: 127.0.6533.100, chrome: {chromedriverVersion: 126.0.6478.126 (d36ace6122e..., userDataDir: C:\Users\Priyanka\AppData\L...}, fedcm:accounts: true, goog:chromeOptions: {debuggerAddress: localhost:54248}, networkConnectionEnabled: false, pageLoadStrategy: normal, platformName: WINDOWS, proxy: Proxy(), se:cdp: ws://localhost:54248/devtoo..., se:cdpVersion: 127.0.6533.100, setWindowRect: true, strictFileInteractability: false, timeouts: {implicit: 0, pageLoad: 300000, script: 30000}, unhandledPromptBehavior: dismiss and notify, webauthn:extension:credBlob: true, webauthn:extension:largeBlob: true, webauthn:extension:minPinLength: true, webauthn:extension:prf: true, webauthn:virtualAuthenticators: true}
Session ID: 0fe589e6dde911256104de388c956ee0]]>
            </message>
            <full-stacktrace>
              <![CDATA[org.openqa.selenium.TimeoutException: Expected condition failed: waiting for element to be clickable: By.cssSelector: a[aria-label='Add �Blue Shoes� to your cart'] (tried for 15 second(s) with 500 milliseconds interval)
Build info: version: '4.8.3', revision: 'e5e76298c3'
System info: os.name: 'Windows 11', os.arch: 'amd64', os.version: '10.0', java.version: '20.0.1'
Driver info: org.openqa.selenium.chrome.ChromeDriver
Capabilities {acceptInsecureCerts: false, browserName: chrome, browserVersion: 127.0.6533.100, chrome: {chromedriverVersion: 126.0.6478.126 (d36ace6122e..., userDataDir: C:\Users\Priyanka\AppData\L...}, fedcm:accounts: true, goog:chromeOptions: {debuggerAddress: localhost:54248}, networkConnectionEnabled: false, pageLoadStrategy: normal, platformName: WINDOWS, proxy: Proxy(), se:cdp: ws://localhost:54248/devtoo..., se:cdpVersion: 127.0.6533.100, setWindowRect: true, strictFileInteractability: false, timeouts: {implicit: 0, pageLoad: 300000, script: 30000}, unhandledPromptBehavior: dismiss and notify, webauthn:extension:credBlob: true, webauthn:extension:largeBlob: true, webauthn:extension:minPinLength: true, webauthn:extension:prf: true, webauthn:virtualAuthenticators: true}
Session ID: 0fe589e6dde911256104de388c956ee0
at org.openqa.selenium.support.ui.WebDriverWait.timeoutException(WebDriverWait.java:87)
at org.openqa.selenium.support.ui.FluentWait.until(FluentWait.java:231)
at org.selenium.pages.StorePage.clickAddToCartBtn(StorePage.java:50)
at org.selenium.AddToCartTest.NavigateFromHomeToStoreMenu(AddToCartTest.java:25)
at java.base/jdk.internal.reflect.DirectMethodHandleAccessor.invoke(DirectMethodHandleAccessor.java:104)
at java.base/java.lang.reflect.Method.invoke(Method.java:578)
at org.testng.internal.invokers.MethodInvocationHelper.invokeMethod(MethodInvocationHelper.java:139)
at org.testng.internal.invokers.TestInvoker.invokeMethod(TestInvoker.java:677)
at org.testng.internal.invokers.TestInvoker.invokeTestMethod(TestInvoker.java:221)
at org.testng.internal.invokers.MethodRunner.runInSequence(MethodRunner.java:50)
at org.testng.internal.invokers.TestInvoker$MethodInvocationAgent.invoke(TestInvoker.java:969)
at org.testng.internal.invokers.TestInvoker.invokeTestMethods(TestInvoker.java:194)
at org.testng.internal.invokers.TestMethodWorker.invokeTestMethods(TestMethodWorker.java:148)
at org.testng.internal.invokers.TestMethodWorker.run(TestMethodWorker.java:128)
at java.base/java.util.concurrent.ThreadPoolExecutor.runWorker(ThreadPoolExecutor.java:1144)
at java.base/java.util.concurrent.ThreadPoolExecutor$Worker.run(ThreadPoolExecutor.java:642)
at java.base/java.lang.Thread.run(Thread.java:1623)
]]>
            </full-stacktrace>
          </exception> <!-- org.openqa.selenium.TimeoutException -->
          <reporter-output>
          </reporter-output>
        </test-method> <!-- NavigateFromHomeToStoreMenu -->
        <test-method is-config="true" signature="quitDriver()[pri:0, instance:org.selenium.AddToCartTest@3eb7fc54]" started-at="2024-08-14T00:54:58 IST" name="quitDriver" finished-at="2024-08-14T00:54:59 IST" duration-ms="345" status="PASS">
          <reporter-output>
          </reporter-output>
        </test-method> <!-- quitDriver -->
      </class> <!-- org.selenium.AddToCartTest -->
      <class name="org.selenium.CheckOutTest">
        <test-method is-config="true" signature="startDriver(java.lang.String)[pri:0, instance:org.selenium.CheckOutTest@13e39c73]" started-at="2024-08-14T00:54:33 IST" name="startDriver" finished-at="2024-08-14T00:54:41 IST" duration-ms="7964" status="PASS">
          <params>
            <param index="0">
              <value>
                <![CDATA[chrome]]>
              </value>
            </param>
          </params>
          <reporter-output>
          </reporter-output>
        </test-method> <!-- startDriver -->
        <test-method signature="loginAndCheckOutUsingDirectBankTransfer_temporary()[pri:0, instance:org.selenium.CheckOutTest@13e39c73]" started-at="2024-08-14T00:54:41 IST" name="loginAndCheckOutUsingDirectBankTransfer_temporary" finished-at="2024-08-14T00:55:35 IST" duration-ms="53822" status="PASS">
          <reporter-output>
          </reporter-output>
        </test-method> <!-- loginAndCheckOutUsingDirectBankTransfer_temporary -->
        <test-method is-config="true" signature="quitDriver()[pri:0, instance:org.selenium.CheckOutTest@13e39c73]" started-at="2024-08-14T00:55:35 IST" name="quitDriver" finished-at="2024-08-14T00:55:35 IST" duration-ms="434" status="PASS">
          <reporter-output>
          </reporter-output>
        </test-method> <!-- quitDriver -->
      </class> <!-- org.selenium.CheckOutTest -->
    </test> <!-- Surefire test -->
  </suite> <!-- Surefire suite -->
</testng-results>
